0 info it worked if it ends with ok
1 verbose cli [ '/home/imran/.nvm/versions/node/v4.2.3/bin/node',
1 verbose cli   '/home/imran/.nvm/versions/node/v4.2.3/bin/npm',
1 verbose cli   'install' ]
2 info using npm@2.14.7
3 info using node@v4.2.3
4 verbose readDependencies loading dependencies from /home/imran/Desktop/DebugTool/package.json
5 verbose install where, deps [ '/home/imran/Desktop/DebugTool',
5 verbose install   [ 'babel-core',
5 verbose install     'body-parser',
5 verbose install     'cross-env',
5 verbose install     'cuid',
5 verbose install     'express',
5 verbose install     'history',
5 verbose install     'isomorphic-fetch',
5 verbose install     'mongoose',
5 verbose install     'react-helmet',
5 verbose install     'react',
5 verbose install     'react-dom',
5 verbose install     'react-redux',
5 verbose install     'react-router',
5 verbose install     'redux',
5 verbose install     'redux-thunk',
5 verbose install     'sanitize-html',
5 verbose install     'slug',
5 verbose install     'needle',
5 verbose install     'babel-eslint',
5 verbose install     'babel-loader',
5 verbose install     'babel-plugin-react-transform',
5 verbose install     'babel-plugin-transform-react-constant-elements',
5 verbose install     'babel-plugin-transform-react-inline-elements',
5 verbose install     'babel-plugin-transform-react-remove-prop-types',
5 verbose install     'babel-polyfill',
5 verbose install     'babel-preset-es2015',
5 verbose install     'babel-preset-react',
5 verbose install     'babel-preset-react-hmre',
5 verbose install     'babel-register',
5 verbose install     'chai',
5 verbose install     'clean-css',
5 verbose install     'css-loader',
5 verbose install     'css-modules-require-hook',
5 verbose install     'deep-freeze',
5 verbose install     'eslint',
5 verbose install     'eslint-config-airbnb',
5 verbose install     'eslint-plugin-import',
5 verbose install     'eslint-plugin-jsx-a11y',
5 verbose install     'eslint-plugin-react',
5 verbose install     'expect',
5 verbose install     'expect-jsx',
5 verbose install     'extract-text-webpack-plugin',
5 verbose install     'mocha',
5 verbose install     'nodemon',
5 verbose install     'pre-commit',
5 verbose install     'react-addons-test-utils',
5 verbose install     'react-transform-hmr',
5 verbose install     'redux-devtools',
5 verbose install     'redux-devtools-dock-monitor',
5 verbose install     'redux-devtools-log-monitor',
5 verbose install     'rimraf',
5 verbose install     'style-loader',
5 verbose install     'supertest',
5 verbose install     'webpack',
5 verbose install     'webpack-dev-middleware',
5 verbose install     'webpack-hot-middleware' ] ]
6 verbose install where, peers [ '/home/imran/Desktop/DebugTool', [] ]
7 verbose installManyTop reading for lifecycle /home/imran/Desktop/DebugTool/package.json
8 info preinstall mern-starter@1.0.0
9 verbose installManyTop reading scoped package data from /home/imran/Desktop/DebugTool/node_modules/babel-core/package.json
10 verbose installManyTop reading scoped package data from /home/imran/Desktop/DebugTool/node_modules/babel-eslint/package.json
11 verbose installManyTop reading scoped package data from /home/imran/Desktop/DebugTool/node_modules/babel-loader/package.json
12 verbose installManyTop reading scoped package data from /home/imran/Desktop/DebugTool/node_modules/babel-plugin-react-transform/package.json
13 verbose installManyTop reading scoped package data from /home/imran/Desktop/DebugTool/node_modules/babel-plugin-transform-react-constant-elements/package.json
14 verbose installManyTop reading scoped package data from /home/imran/Desktop/DebugTool/node_modules/babel-plugin-transform-react-inline-elements/package.json
15 verbose installManyTop reading scoped package data from /home/imran/Desktop/DebugTool/node_modules/babel-plugin-transform-react-remove-prop-types/package.json
16 verbose installManyTop reading scoped package data from /home/imran/Desktop/DebugTool/node_modules/babel-polyfill/package.json
17 verbose installManyTop reading scoped package data from /home/imran/Desktop/DebugTool/node_modules/babel-preset-es2015/package.json
18 verbose installManyTop reading scoped package data from /home/imran/Desktop/DebugTool/node_modules/babel-preset-react/package.json
19 verbose installManyTop reading scoped package data from /home/imran/Desktop/DebugTool/node_modules/babel-preset-react-hmre/package.json
20 verbose installManyTop reading scoped package data from /home/imran/Desktop/DebugTool/node_modules/babel-register/package.json
21 verbose installManyTop reading scoped package data from /home/imran/Desktop/DebugTool/node_modules/body-parser/package.json
22 verbose installManyTop reading scoped package data from /home/imran/Desktop/DebugTool/node_modules/chai/package.json
23 verbose installManyTop reading scoped package data from /home/imran/Desktop/DebugTool/node_modules/clean-css/package.json
24 verbose installManyTop reading scoped package data from /home/imran/Desktop/DebugTool/node_modules/cross-env/package.json
25 verbose installManyTop reading scoped package data from /home/imran/Desktop/DebugTool/node_modules/css-loader/package.json
26 verbose installManyTop reading scoped package data from /home/imran/Desktop/DebugTool/node_modules/css-modules-require-hook/package.json
27 verbose installManyTop reading scoped package data from /home/imran/Desktop/DebugTool/node_modules/cuid/package.json
28 verbose installManyTop reading scoped package data from /home/imran/Desktop/DebugTool/node_modules/deep-freeze/package.json
29 verbose installManyTop reading scoped package data from /home/imran/Desktop/DebugTool/node_modules/eslint/package.json
30 verbose installManyTop reading scoped package data from /home/imran/Desktop/DebugTool/node_modules/eslint-config-airbnb/package.json
31 verbose installManyTop reading scoped package data from /home/imran/Desktop/DebugTool/node_modules/eslint-plugin-import/package.json
32 verbose installManyTop reading scoped package data from /home/imran/Desktop/DebugTool/node_modules/eslint-plugin-jsx-a11y/package.json
33 verbose installManyTop reading scoped package data from /home/imran/Desktop/DebugTool/node_modules/eslint-plugin-react/package.json
34 verbose installManyTop reading scoped package data from /home/imran/Desktop/DebugTool/node_modules/expect/package.json
35 verbose installManyTop reading scoped package data from /home/imran/Desktop/DebugTool/node_modules/expect-jsx/package.json
36 verbose installManyTop reading scoped package data from /home/imran/Desktop/DebugTool/node_modules/express/package.json
37 verbose installManyTop reading scoped package data from /home/imran/Desktop/DebugTool/node_modules/extract-text-webpack-plugin/package.json
38 verbose installManyTop reading scoped package data from /home/imran/Desktop/DebugTool/node_modules/history/package.json
39 verbose installManyTop reading scoped package data from /home/imran/Desktop/DebugTool/node_modules/isomorphic-fetch/package.json
40 verbose installManyTop reading scoped package data from /home/imran/Desktop/DebugTool/node_modules/mocha/package.json
41 verbose installManyTop reading scoped package data from /home/imran/Desktop/DebugTool/node_modules/mongoose/package.json
42 verbose installManyTop reading scoped package data from /home/imran/Desktop/DebugTool/node_modules/nodemon/package.json
43 verbose installManyTop reading scoped package data from /home/imran/Desktop/DebugTool/node_modules/npm-debug.log/package.json
44 verbose installManyTop reading scoped package data from /home/imran/Desktop/DebugTool/node_modules/pre-commit/package.json
45 verbose installManyTop reading scoped package data from /home/imran/Desktop/DebugTool/node_modules/react/package.json
46 verbose installManyTop reading scoped package data from /home/imran/Desktop/DebugTool/node_modules/react-addons-test-utils/package.json
47 verbose installManyTop reading scoped package data from /home/imran/Desktop/DebugTool/node_modules/react-dom/package.json
48 verbose installManyTop reading scoped package data from /home/imran/Desktop/DebugTool/node_modules/react-helmet/package.json
49 verbose installManyTop reading scoped package data from /home/imran/Desktop/DebugTool/node_modules/react-redux/package.json
50 verbose installManyTop reading scoped package data from /home/imran/Desktop/DebugTool/node_modules/react-router/package.json
51 verbose installManyTop reading scoped package data from /home/imran/Desktop/DebugTool/node_modules/react-transform-hmr/package.json
52 verbose installManyTop reading scoped package data from /home/imran/Desktop/DebugTool/node_modules/redux/package.json
53 verbose installManyTop reading scoped package data from /home/imran/Desktop/DebugTool/node_modules/redux-devtools/package.json
54 verbose installManyTop reading scoped package data from /home/imran/Desktop/DebugTool/node_modules/redux-devtools-dock-monitor/package.json
55 verbose installManyTop reading scoped package data from /home/imran/Desktop/DebugTool/node_modules/redux-devtools-log-monitor/package.json
56 verbose installManyTop reading scoped package data from /home/imran/Desktop/DebugTool/node_modules/redux-thunk/package.json
57 verbose installManyTop reading scoped package data from /home/imran/Desktop/DebugTool/node_modules/rimraf/package.json
58 verbose installManyTop reading scoped package data from /home/imran/Desktop/DebugTool/node_modules/sanitize-html/package.json
59 verbose installManyTop reading scoped package data from /home/imran/Desktop/DebugTool/node_modules/slug/package.json
60 verbose installManyTop reading scoped package data from /home/imran/Desktop/DebugTool/node_modules/style-loader/package.json
61 verbose installManyTop reading scoped package data from /home/imran/Desktop/DebugTool/node_modules/supertest/package.json
62 verbose installManyTop reading scoped package data from /home/imran/Desktop/DebugTool/node_modules/webpack/package.json
63 verbose installManyTop reading scoped package data from /home/imran/Desktop/DebugTool/node_modules/webpack-dev-middleware/package.json
64 verbose installManyTop reading scoped package data from /home/imran/Desktop/DebugTool/node_modules/webpack-hot-middleware/package.json
65 info package.json babel-polyfill@6.9.1 No description
66 info package.json slug@0.9.1 No license field.
67 info package.json webpack-dev-middleware@1.6.1 No license field.
68 info package.json deep-freeze@0.0.1 license should be a valid SPDX license expression
69 verbose readDependencies loading dependencies from /home/imran/Desktop/DebugTool/package.json
70 verbose targetResolver reading package data from /home/imran/Desktop/DebugTool/node_modules/babel-core/package.json
71 verbose targetResolver reading package data from /home/imran/Desktop/DebugTool/node_modules/babel-eslint/package.json
72 verbose targetResolver reading package data from /home/imran/Desktop/DebugTool/node_modules/babel-loader/package.json
73 verbose targetResolver reading package data from /home/imran/Desktop/DebugTool/node_modules/babel-plugin-react-transform/package.json
74 verbose targetResolver reading package data from /home/imran/Desktop/DebugTool/node_modules/babel-plugin-transform-react-constant-elements/package.json
75 verbose targetResolver reading package data from /home/imran/Desktop/DebugTool/node_modules/babel-plugin-transform-react-inline-elements/package.json
76 verbose targetResolver reading package data from /home/imran/Desktop/DebugTool/node_modules/babel-plugin-transform-react-remove-prop-types/package.json
77 verbose targetResolver reading package data from /home/imran/Desktop/DebugTool/node_modules/babel-polyfill/package.json
78 verbose targetResolver reading package data from /home/imran/Desktop/DebugTool/node_modules/babel-preset-es2015/package.json
79 verbose targetResolver reading package data from /home/imran/Desktop/DebugTool/node_modules/babel-preset-react/package.json
80 verbose targetResolver reading package data from /home/imran/Desktop/DebugTool/node_modules/babel-preset-react-hmre/package.json
81 verbose targetResolver reading package data from /home/imran/Desktop/DebugTool/node_modules/babel-register/package.json
82 verbose targetResolver reading package data from /home/imran/Desktop/DebugTool/node_modules/body-parser/package.json
83 verbose targetResolver reading package data from /home/imran/Desktop/DebugTool/node_modules/chai/package.json
84 verbose targetResolver reading package data from /home/imran/Desktop/DebugTool/node_modules/clean-css/package.json
85 verbose targetResolver reading package data from /home/imran/Desktop/DebugTool/node_modules/cross-env/package.json
86 verbose targetResolver reading package data from /home/imran/Desktop/DebugTool/node_modules/css-loader/package.json
87 verbose targetResolver reading package data from /home/imran/Desktop/DebugTool/node_modules/css-modules-require-hook/package.json
88 verbose targetResolver reading package data from /home/imran/Desktop/DebugTool/node_modules/cuid/package.json
89 verbose targetResolver reading package data from /home/imran/Desktop/DebugTool/node_modules/deep-freeze/package.json
90 verbose targetResolver reading package data from /home/imran/Desktop/DebugTool/node_modules/eslint/package.json
91 verbose targetResolver reading package data from /home/imran/Desktop/DebugTool/node_modules/eslint-config-airbnb/package.json
92 verbose targetResolver reading package data from /home/imran/Desktop/DebugTool/node_modules/eslint-plugin-import/package.json
93 verbose targetResolver reading package data from /home/imran/Desktop/DebugTool/node_modules/eslint-plugin-jsx-a11y/package.json
94 verbose targetResolver reading package data from /home/imran/Desktop/DebugTool/node_modules/eslint-plugin-react/package.json
95 verbose targetResolver reading package data from /home/imran/Desktop/DebugTool/node_modules/expect/package.json
96 verbose targetResolver reading package data from /home/imran/Desktop/DebugTool/node_modules/expect-jsx/package.json
97 verbose targetResolver reading package data from /home/imran/Desktop/DebugTool/node_modules/express/package.json
98 verbose targetResolver reading package data from /home/imran/Desktop/DebugTool/node_modules/extract-text-webpack-plugin/package.json
99 verbose targetResolver reading package data from /home/imran/Desktop/DebugTool/node_modules/history/package.json
100 verbose targetResolver reading package data from /home/imran/Desktop/DebugTool/node_modules/isomorphic-fetch/package.json
101 verbose targetResolver reading package data from /home/imran/Desktop/DebugTool/node_modules/mocha/package.json
102 verbose targetResolver reading package data from /home/imran/Desktop/DebugTool/node_modules/mongoose/package.json
103 verbose targetResolver reading package data from /home/imran/Desktop/DebugTool/node_modules/nodemon/package.json
104 verbose targetResolver reading package data from /home/imran/Desktop/DebugTool/node_modules/npm-debug.log/package.json
105 verbose targetResolver reading package data from /home/imran/Desktop/DebugTool/node_modules/pre-commit/package.json
106 verbose targetResolver reading package data from /home/imran/Desktop/DebugTool/node_modules/react/package.json
107 verbose targetResolver reading package data from /home/imran/Desktop/DebugTool/node_modules/react-addons-test-utils/package.json
108 verbose targetResolver reading package data from /home/imran/Desktop/DebugTool/node_modules/react-dom/package.json
109 verbose targetResolver reading package data from /home/imran/Desktop/DebugTool/node_modules/react-helmet/package.json
110 verbose targetResolver reading package data from /home/imran/Desktop/DebugTool/node_modules/react-redux/package.json
111 verbose targetResolver reading package data from /home/imran/Desktop/DebugTool/node_modules/react-router/package.json
112 verbose targetResolver reading package data from /home/imran/Desktop/DebugTool/node_modules/react-transform-hmr/package.json
113 verbose targetResolver reading package data from /home/imran/Desktop/DebugTool/node_modules/redux/package.json
114 verbose targetResolver reading package data from /home/imran/Desktop/DebugTool/node_modules/redux-devtools/package.json
115 verbose targetResolver reading package data from /home/imran/Desktop/DebugTool/node_modules/redux-devtools-dock-monitor/package.json
116 verbose targetResolver reading package data from /home/imran/Desktop/DebugTool/node_modules/redux-devtools-log-monitor/package.json
117 verbose targetResolver reading package data from /home/imran/Desktop/DebugTool/node_modules/redux-thunk/package.json
118 verbose targetResolver reading package data from /home/imran/Desktop/DebugTool/node_modules/rimraf/package.json
119 verbose targetResolver reading package data from /home/imran/Desktop/DebugTool/node_modules/sanitize-html/package.json
120 verbose targetResolver reading package data from /home/imran/Desktop/DebugTool/node_modules/slug/package.json
121 verbose targetResolver reading package data from /home/imran/Desktop/DebugTool/node_modules/style-loader/package.json
122 verbose targetResolver reading package data from /home/imran/Desktop/DebugTool/node_modules/supertest/package.json
123 verbose targetResolver reading package data from /home/imran/Desktop/DebugTool/node_modules/webpack/package.json
124 verbose targetResolver reading package data from /home/imran/Desktop/DebugTool/node_modules/webpack-dev-middleware/package.json
125 verbose targetResolver reading package data from /home/imran/Desktop/DebugTool/node_modules/webpack-hot-middleware/package.json
126 verbose targetResolver reading package data from /home/imran/Desktop/DebugTool/node_modules/.bin/cleancss/package.json
127 verbose targetResolver reading package data from /home/imran/Desktop/DebugTool/node_modules/.bin/cross-env/package.json
128 verbose targetResolver reading package data from /home/imran/Desktop/DebugTool/node_modules/.bin/eslint/package.json
129 verbose targetResolver reading package data from /home/imran/Desktop/DebugTool/node_modules/.bin/mocha/package.json
130 verbose targetResolver reading package data from /home/imran/Desktop/DebugTool/node_modules/.bin/nodemon/package.json
131 verbose targetResolver reading package data from /home/imran/Desktop/DebugTool/node_modules/.bin/rimraf/package.json
132 verbose targetResolver reading package data from /home/imran/Desktop/DebugTool/node_modules/.bin/slug/package.json
133 verbose targetResolver reading package data from /home/imran/Desktop/DebugTool/node_modules/.bin/webpack/package.json
134 verbose already installed skipping history@^2.1.1 /home/imran/Desktop/DebugTool
135 verbose already installed skipping isomorphic-fetch@^2.2.1 /home/imran/Desktop/DebugTool
136 verbose already installed skipping mongoose@^4.3.7 /home/imran/Desktop/DebugTool
137 verbose already installed skipping react-helmet@^2.3.1 /home/imran/Desktop/DebugTool
138 verbose already installed skipping react@^15.0.1 /home/imran/Desktop/DebugTool
139 verbose already installed skipping react-dom@^15.0.1 /home/imran/Desktop/DebugTool
140 verbose already installed skipping react-redux@^4.1.2 /home/imran/Desktop/DebugTool
141 verbose already installed skipping react-router@^2.0.0-rc5 /home/imran/Desktop/DebugTool
142 verbose already installed skipping redux@^3.5.2 /home/imran/Desktop/DebugTool
143 verbose already installed skipping redux-thunk@^2.0.1 /home/imran/Desktop/DebugTool
144 verbose already installed skipping sanitize-html@^1.11.3 /home/imran/Desktop/DebugTool
145 verbose already installed skipping slug@^0.9.1 /home/imran/Desktop/DebugTool
146 silly cache add args [ 'needle@^0.11.0', null ]
147 verbose cache add spec needle@^0.11.0
148 silly cache add parsed spec Result {
148 silly cache add   raw: 'needle@^0.11.0',
148 silly cache add   scope: null,
148 silly cache add   name: 'needle',
148 silly cache add   rawSpec: '^0.11.0',
148 silly cache add   spec: '>=0.11.0 <0.12.0',
148 silly cache add   type: 'range' }
149 silly addNamed needle@>=0.11.0 <0.12.0
150 verbose addNamed ">=0.11.0 <0.12.0" is a valid semver range for needle
151 silly addNameRange { name: 'needle', range: '>=0.11.0 <0.12.0', hasData: false }
152 silly mapToRegistry name needle
153 silly mapToRegistry using default registry
154 silly mapToRegistry registry https://registry.npmjs.org/
155 silly mapToRegistry uri https://registry.npmjs.org/needle
156 verbose addNameRange registry:https://registry.npmjs.org/needle not in flight; fetching
157 verbose already installed skipping babel-eslint@^6.0.4 /home/imran/Desktop/DebugTool
158 verbose already installed skipping babel-loader@^6.2.1 /home/imran/Desktop/DebugTool
159 verbose request uri https://registry.npmjs.org/needle
160 verbose request no auth needed
161 info attempt registry request try #1 at 7:02:25 PM
162 verbose request id 6b5cf3bf914cb7e6
163 http request GET https://registry.npmjs.org/needle
164 verbose already installed skipping babel-plugin-react-transform@^2.0.0 /home/imran/Desktop/DebugTool
165 verbose already installed skipping babel-plugin-transform-react-constant-elements@6.8.0 /home/imran/Desktop/DebugTool
166 verbose already installed skipping babel-plugin-transform-react-inline-elements@6.8.0 /home/imran/Desktop/DebugTool
167 verbose already installed skipping babel-plugin-transform-react-remove-prop-types@0.2.6 /home/imran/Desktop/DebugTool
168 verbose already installed skipping babel-polyfill@^6.3.14 /home/imran/Desktop/DebugTool
169 verbose already installed skipping babel-preset-es2015@^6.3.13 /home/imran/Desktop/DebugTool
170 verbose already installed skipping babel-preset-react@^6.3.13 /home/imran/Desktop/DebugTool
171 verbose already installed skipping babel-preset-react-hmre@^1.1.0 /home/imran/Desktop/DebugTool
172 verbose already installed skipping babel-register@^6.7.2 /home/imran/Desktop/DebugTool
173 verbose already installed skipping chai@^3.5.0 /home/imran/Desktop/DebugTool
174 verbose already installed skipping clean-css@^3.4.9 /home/imran/Desktop/DebugTool
175 verbose already installed skipping css-loader@^0.23.1 /home/imran/Desktop/DebugTool
176 verbose already installed skipping css-modules-require-hook@^4.0.0 /home/imran/Desktop/DebugTool
177 verbose already installed skipping deep-freeze@0.0.1 /home/imran/Desktop/DebugTool
178 verbose already installed skipping eslint@^2.9.0 /home/imran/Desktop/DebugTool
179 verbose already installed skipping eslint-config-airbnb@^9.0.1 /home/imran/Desktop/DebugTool
180 verbose already installed skipping eslint-plugin-import@^1.8.0 /home/imran/Desktop/DebugTool
181 verbose already installed skipping eslint-plugin-jsx-a11y@^1.2.2 /home/imran/Desktop/DebugTool
182 verbose already installed skipping eslint-plugin-react@^5.1.1 /home/imran/Desktop/DebugTool
183 verbose already installed skipping expect@^1.13.4 /home/imran/Desktop/DebugTool
184 verbose already installed skipping expect-jsx@^2.2.2 /home/imran/Desktop/DebugTool
185 verbose already installed skipping extract-text-webpack-plugin@^1.0.1 /home/imran/Desktop/DebugTool
186 verbose already installed skipping mocha@^2.4.5 /home/imran/Desktop/DebugTool
187 verbose already installed skipping nodemon@^1.9.1 /home/imran/Desktop/DebugTool
188 verbose already installed skipping pre-commit@^1.1.2 /home/imran/Desktop/DebugTool
189 verbose already installed skipping react-addons-test-utils@^15.0.1 /home/imran/Desktop/DebugTool
190 verbose already installed skipping react-transform-hmr@^1.0.1 /home/imran/Desktop/DebugTool
191 verbose already installed skipping redux-devtools@^3.1.1 /home/imran/Desktop/DebugTool
192 verbose already installed skipping redux-devtools-dock-monitor@^1.1.0 /home/imran/Desktop/DebugTool
193 verbose already installed skipping redux-devtools-log-monitor@^1.0.4 /home/imran/Desktop/DebugTool
194 verbose already installed skipping rimraf@^2.5.1 /home/imran/Desktop/DebugTool
195 verbose already installed skipping style-loader@^0.13.0 /home/imran/Desktop/DebugTool
196 verbose already installed skipping supertest@^1.1.0 /home/imran/Desktop/DebugTool
197 verbose already installed skipping webpack@^1.12.12 /home/imran/Desktop/DebugTool
198 verbose already installed skipping webpack-dev-middleware@^1.5.1 /home/imran/Desktop/DebugTool
199 verbose already installed skipping webpack-hot-middleware@^2.6.4 /home/imran/Desktop/DebugTool
200 verbose already installed skipping babel-core@^6.4.5 /home/imran/Desktop/DebugTool
201 verbose already installed skipping body-parser@^1.14.2 /home/imran/Desktop/DebugTool
202 verbose already installed skipping cross-env@^1.0.7 /home/imran/Desktop/DebugTool
203 verbose already installed skipping cuid@^1.3.8 /home/imran/Desktop/DebugTool
204 verbose already installed skipping express@^4.13.4 /home/imran/Desktop/DebugTool
205 info retry will retry, error on last attempt: Error: tunneling socket could not be established, cause=write EPROTO
206 info attempt registry request try #2 at 7:02:35 PM
207 http request GET https://registry.npmjs.org/needle
208 info retry will retry, error on last attempt: Error: tunneling socket could not be established, cause=write EPROTO
209 info attempt registry request try #3 at 7:03:35 PM
210 http request GET https://registry.npmjs.org/needle
211 verbose stack Error: tunneling socket could not be established, cause=write EPROTO
211 verbose stack     at ClientRequest.onError (/home/imran/.nvm/versions/node/v4.2.3/lib/node_modules/npm/node_modules/request/node_modules/tunnel-agent/index.js:174:17)
211 verbose stack     at ClientRequest.g (events.js:260:16)
211 verbose stack     at emitOne (events.js:77:13)
211 verbose stack     at ClientRequest.emit (events.js:169:7)
211 verbose stack     at TLSSocket.socketErrorListener (_http_client.js:259:9)
211 verbose stack     at emitOne (events.js:77:13)
211 verbose stack     at TLSSocket.emit (events.js:169:7)
211 verbose stack     at onwriteError (_stream_writable.js:304:10)
211 verbose stack     at onwrite (_stream_writable.js:322:5)
211 verbose stack     at WritableState.onwrite (_stream_writable.js:89:5)
212 verbose cwd /home/imran/Desktop/DebugTool
213 error Linux 4.4.0-22-generic
214 error argv "/home/imran/.nvm/versions/node/v4.2.3/bin/node" "/home/imran/.nvm/versions/node/v4.2.3/bin/npm" "install"
215 error node v4.2.3
216 error npm  v2.14.7
217 error code ECONNRESET
218 error network tunneling socket could not be established, cause=write EPROTO
218 error network This is most likely not a problem with npm itself
218 error network and is related to network connectivity.
218 error network In most cases you are behind a proxy or have bad network settings.
218 error network
218 error network If you are behind a proxy, please make sure that the
218 error network 'proxy' config is set properly.  See: 'npm help config'
219 verbose exit [ 1, true ]
